02.01.2022 10:45:41 [CarCover] 'CarCover.json' found, loading existing config
02.01.2022 11:34:51 [CarCover] 'CarCover.json' found, loading existing config
02.01.2022 12:00:31 [CarCover] 'CarCover.json' found, loading existing config
02.01.2022 16:12:14 [CarCover] 'CarCover.json' found, loading existing config
02.01.2022 18:00:32 [CarCover] 'CarCover.json' found, loading existing config
02.01.2022 20:52:25 [CarCover] 'CarCover.json' found, loading existing config
02.01.2022 23:59:32 [CarCover] 'CarCover.json' found, loading existing config
03.01.2022 06:00:33 [CarCover] 'CarCover.json' found, loading existing config
03.01.2022 12:00:37 [CarCover] 'CarCover.json' found, loading existing config
03.01.2022 14:15:29 [CarCover] 'CarCover.json' found, loading existing config
03.01.2022 15:35:59 [CarCover] 'CarCover.json' found, loading existing config
03.01.2022 16:56:33 [CarCover] 'CarCover.json' found, loading existing config
03.01.2022 18:00:34 [CarCover] 'CarCover.json' found, loading existing config
03.01.2022 21:18:23 [CarCover] 'CarCover.json' found, loading existing config
03.01.2022 21:18:58 [CarCover] 'CarCover.json' found, loading existing config
03.01.2022 21:44:02 [CarCover] 'CarCover.json' found, loading existing config
03.01.2022 21:49:28 [CarCover] 'CarCover.json' found, loading existing config
03.01.2022 21:59:45 [CarCover] 'CarCover.json' found, loading existing config
03.01.2022 23:59:35 [CarCover] 'CarCover.json' found, loading existing config
04.01.2022 06:00:31 [CarCover] 'CarCover.json' found, loading existing config
04.01.2022 12:00:35 [CarCover] 'CarCover.json' found, loading existing config
04.01.2022 18:00:33 [CarCover] 'CarCover.json' found, loading existing config
04.01.2022 20:29:06 [CarCover] 'CarCover.json' found, loading existing config
04.01.2022 23:59:33 [CarCover] 'CarCover.json' found, loading existing config
05.01.2022 06:00:38 [CarCover] 'CarCover.json' found, loading existing config
05.01.2022 12:00:37 [CarCover] 'CarCover.json' found, loading existing config
05.01.2022 15:57:03 [CarCover] 'CarCover.json' found, loading existing config
05.01.2022 18:00:36 [CarCover] 'CarCover.json' found, loading existing config
05.01.2022 18:05:47 [CarCover] 'CarCover.json' found, loading existing config
05.01.2022 19:36:55 [CarCover] 'CarCover.json' found, loading existing config
05.01.2022 19:49:20 [CarCover] 'CarCover.json' found, loading existing config
05.01.2022 23:59:32 [CarCover] 'CarCover.json' found, loading existing config
06.01.2022 06:00:34 [CarCover] 'CarCover.json' found, loading existing config
06.01.2022 12:00:34 [CarCover] 'CarCover.json' found, loading existing config
06.01.2022 15:09:57 [CarCover] 'CarCover.json' found, loading existing config
06.01.2022 15:11:59 [CarCover] 'CarCover.json' found, loading existing config
06.01.2022 18:00:38 [CarCover] 'CarCover.json' found, loading existing config
06.01.2022 19:13:19 [CarCover] 'CarCover.json' found, loading existing config
06.01.2022 23:59:32 [CarCover] 'CarCover.json' found, loading existing config
07.01.2022 06:00:32 [CarCover] 'CarCover.json' found, loading existing config
07.01.2022 12:00:32 [CarCover] 'CarCover.json' found, loading existing config
07.01.2022 18:00:37 [CarCover] 'CarCover.json' found, loading existing config
07.01.2022 23:59:32 [CarCover] 'CarCover.json' found, loading existing config
08.01.2022 01:58:23 [CarCover] 'CarCover.json' found, loading existing config
08.01.2022 06:00:31 [CarCover] 'CarCover.json' found, loading existing config
08.01.2022 10:53:24 [CarCover] 'CarCover.json' found, loading existing config
08.01.2022 12:00:33 [CarCover] 'CarCover.json' found, loading existing config
08.01.2022 12:45:43 [CarCover] 'CarCover.json' found, loading existing config
08.01.2022 13:16:46 [CarCover] 'CarCover.json' found, loading existing config
08.01.2022 14:06:04 [CarCover] 'CarCover.json' found, loading existing config
08.01.2022 14:17:40 [CarCover] 'CarCover.json' found, loading existing config
08.01.2022 18:00:39 [CarCover] 'CarCover.json' found, loading existing config
08.01.2022 21:06:21 [CarCover] 'CarCover.json' found, loading existing config
08.01.2022 23:59:39 [CarCover] 'CarCover.json' found, loading existing config
09.01.2022 06:00:34 [CarCover] 'CarCover.json' found, loading existing config
09.01.2022 06:50:22 [CarCover] 'CarCover.json' found, loading existing config
09.01.2022 08:30:54 [CarCover] 'CarCover.json' found, loading existing config
09.01.2022 09:56:16 [CarCover] 'CarCover.json' found, loading existing config
09.01.2022 12:00:35 [CarCover] 'CarCover.json' found, loading existing config
09.01.2022 17:06:09 [CarCover] 'CarCover.json' found, loading existing config
09.01.2022 18:00:36 [CarCover] 'CarCover.json' found, loading existing config
09.01.2022 21:46:23 [CarCover] 'CarCover.json' found, loading existing config
09.01.2022 23:59:34 [CarCover] 'CarCover.json' found, loading existing config
10.01.2022 06:00:33 [CarCover] 'CarCover.json' found, loading existing config
10.01.2022 12:00:35 [CarCover] 'CarCover.json' found, loading existing config
10.01.2022 17:00:35 [CarCover] 'CarCover.json' found, loading existing config
10.01.2022 18:00:35 [CarCover] 'CarCover.json' found, loading existing config
10.01.2022 23:59:39 [CarCover] 'CarCover.json' found, loading existing config
11.01.2022 06:00:33 [CarCover] 'CarCover.json' found, loading existing config
11.01.2022 12:00:33 [CarCover] 'CarCover.json' found, loading existing config
11.01.2022 15:00:44 [CarCover] 'CarCover.json' found, loading existing config
11.01.2022 16:00:35 [CarCover] 'CarCover.json' found, loading existing config
11.01.2022 19:07:48 [CarCover] 'CarCover.json' found, loading existing config
11.01.2022 20:00:36 [CarCover] 'CarCover.json' found, loading existing config
11.01.2022 23:47:14 [CarCover] Player Undertow (76561198014770158) covered Atv_redflame at <6227.805664, 81.500023, 3794.266602>
11.01.2022 23:59:35 [CarCover] 'CarCover.json' found, loading existing config
12.01.2022 04:00:35 [CarCover] 'CarCover.json' found, loading existing config
12.01.2022 08:00:34 [CarCover] 'CarCover.json' found, loading existing config
12.01.2022 09:45:12 [CarCover] Player Undertow (76561198014770158) uncovered Atv_redflame at <6227.805664, 81.500023, 3794.266602>
12.01.2022 12:00:34 [CarCover] 'CarCover.json' found, loading existing config
12.01.2022 12:05:10 [CarCover] 'CarCover.json' found, loading existing config
12.01.2022 16:00:34 [CarCover] 'CarCover.json' found, loading existing config
12.01.2022 19:34:17 [CarCover] 'CarCover.json' found, loading existing config
12.01.2022 20:00:34 [CarCover] 'CarCover.json' found, loading existing config
12.01.2022 21:03:24 [CarCover] 'CarCover.json' found, loading existing config
12.01.2022 22:00:16 [CarCover] Player Undertow (76561198014770158) covered Atv_redflame at <6227.869629, 81.500046, 3794.238525>
12.01.2022 22:00:37 [CarCover] Player Undertow (76561198014770158) uncovered Atv_redflame at <6227.869629, 81.500046, 3794.238525>
12.01.2022 22:00:55 [CarCover] Player Undertow (76561198014770158) covered Atv_redflame at <6227.869629, 81.500046, 3794.238281>
12.01.2022 22:22:17 [CarCover] Player Undertow (76561198014770158) uncovered Atv_redflame at <6227.869629, 81.500046, 3794.238281>
12.01.2022 23:59:34 [CarCover] 'CarCover.json' found, loading existing config
13.01.2022 04:00:33 [CarCover] 'CarCover.json' found, loading existing config
13.01.2022 08:00:34 [CarCover] 'CarCover.json' found, loading existing config
13.01.2022 10:50:14 [CarCover] Player Undertow (76561198014770158) covered Atv_redflame at <7691.134766, 3.961926, 3095.385010>
13.01.2022 11:04:53 [CarCover] Player Undertow (76561198014770158) uncovered Atv_redflame at <7691.134766, 3.961926, 3095.385010>
13.01.2022 12:00:35 [CarCover] 'CarCover.json' found, loading existing config
13.01.2022 16:00:41 [CarCover] 'CarCover.json' found, loading existing config
13.01.2022 16:28:29 [CarCover] Player Undertow (76561198014770158) covered OffroadHatchback at <6335.338379, 9.303041, 2657.002930>
13.01.2022 17:06:17 [CarCover] Player Buggernutz (76561198016807576) uncovered OffroadHatchback at <6335.338379, 9.303041, 2657.002930>
13.01.2022 17:29:20 [CarCover] Player Undertow (76561198014770158) covered OffroadHatchback at <6277.108398, 107.158791, 3895.464355>
13.01.2022 19:13:01 [CarCover] Player Undertow (76561198014770158) covered OffroadHatchback at <11110.489258, 201.515945, 12202.659180>
